2019-04-20 20:51:07 - PHP Notice:  Undefined variable: file in E:\laragon\www\o2-shop\admin\controller\extension\module\pavothemer.php on line 2300
2019-04-20 20:51:08 - PHP Notice:  Undefined variable: file in E:\laragon\www\o2-shop\admin\controller\extension\module\pavothemer.php on line 2300
2019-04-23 2:17:17 - PHP Notice:  Undefined index: firstname in E:\laragon\www\o2-shop\catalog\controller\api\app\customer.php on line 61
2019-04-23 2:17:17 - PHP Notice:  Undefined index: lastname in E:\laragon\www\o2-shop\catalog\controller\api\app\customer.php on line 66
2019-04-23 2:17:17 - PHP Notice:  Undefined index: email in E:\laragon\www\o2-shop\catalog\controller\api\app\customer.php on line 71
2019-04-23 2:17:17 - PHP Notice:  Undefined index: email in E:\laragon\www\o2-shop\catalog\controller\api\app\customer.php on line 71
2019-04-23 2:17:17 - PHP Notice:  Undefined index: email in E:\laragon\www\o2-shop\catalog\controller\api\app\customer.php on line 76
2019-04-23 2:17:17 - PHP Notice:  Undefined index: password in E:\laragon\www\o2-shop\catalog\controller\api\app\customer.php on line 81
2019-04-23 2:17:17 - PHP Notice:  Undefined index: telephone in E:\laragon\www\o2-shop\catalog\controller\api\app\customer.php on line 86
2019-04-23 2:17:17 - PHP Warning:  Cannot use a scalar value as an array in E:\laragon\www\o2-shop\catalog\controller\api\app\customer.php on line 87
2019-04-23 2:17:46 - PHP Notice:  Undefined index: firstname in E:\laragon\www\o2-shop\catalog\controller\api\app\customer.php on line 61
2019-04-23 2:17:46 - PHP Notice:  Undefined index: lastname in E:\laragon\www\o2-shop\catalog\controller\api\app\customer.php on line 66
2019-04-23 2:17:46 - PHP Notice:  Undefined index: email in E:\laragon\www\o2-shop\catalog\controller\api\app\customer.php on line 71
2019-04-23 2:17:46 - PHP Notice:  Undefined index: email in E:\laragon\www\o2-shop\catalog\controller\api\app\customer.php on line 71
2019-04-23 2:17:46 - PHP Notice:  Undefined index: email in E:\laragon\www\o2-shop\catalog\controller\api\app\customer.php on line 76
2019-04-23 2:17:46 - PHP Notice:  Undefined index: password in E:\laragon\www\o2-shop\catalog\controller\api\app\customer.php on line 81
2019-04-23 2:17:46 - PHP Notice:  Undefined index: telephone in E:\laragon\www\o2-shop\catalog\controller\api\app\customer.php on line 86
2019-04-23 2:17:46 - PHP Warning:  Cannot use a scalar value as an array in E:\laragon\www\o2-shop\catalog\controller\api\app\customer.php on line 87
2019-04-23 2:19:47 - PHP Notice:  Undefined index: firstname in E:\laragon\www\o2-shop\catalog\controller\api\app\customer.php on line 61
2019-04-23 2:19:47 - PHP Notice:  Undefined index: lastname in E:\laragon\www\o2-shop\catalog\controller\api\app\customer.php on line 66
2019-04-23 2:19:47 - PHP Notice:  Undefined index: email in E:\laragon\www\o2-shop\catalog\controller\api\app\customer.php on line 71
2019-04-23 2:19:47 - PHP Notice:  Undefined index: email in E:\laragon\www\o2-shop\catalog\controller\api\app\customer.php on line 71
2019-04-23 2:19:47 - PHP Notice:  Undefined index: email in E:\laragon\www\o2-shop\catalog\controller\api\app\customer.php on line 76
2019-04-23 2:19:47 - PHP Notice:  Undefined index: password in E:\laragon\www\o2-shop\catalog\controller\api\app\customer.php on line 81
2019-04-23 2:19:47 - PHP Notice:  Undefined index: telephone in E:\laragon\www\o2-shop\catalog\controller\api\app\customer.php on line 86
2019-04-23 2:19:47 - PHP Warning:  Cannot use a scalar value as an array in E:\laragon\www\o2-shop\catalog\controller\api\app\customer.php on line 87
2019-04-23 2:20:02 - PHP Notice:  Undefined index: firstname in E:\laragon\www\o2-shop\catalog\controller\api\app\customer.php on line 61
2019-04-23 2:20:02 - PHP Notice:  Undefined index: lastname in E:\laragon\www\o2-shop\catalog\controller\api\app\customer.php on line 66
2019-04-23 2:20:02 - PHP Notice:  Undefined index: email in E:\laragon\www\o2-shop\catalog\controller\api\app\customer.php on line 71
2019-04-23 2:20:02 - PHP Notice:  Undefined index: email in E:\laragon\www\o2-shop\catalog\controller\api\app\customer.php on line 71
2019-04-23 2:20:02 - PHP Notice:  Undefined index: email in E:\laragon\www\o2-shop\catalog\controller\api\app\customer.php on line 76
2019-04-23 2:20:02 - PHP Notice:  Undefined index: password in E:\laragon\www\o2-shop\catalog\controller\api\app\customer.php on line 81
2019-04-23 2:20:02 - PHP Notice:  Undefined index: telephone in E:\laragon\www\o2-shop\catalog\controller\api\app\customer.php on line 86
2019-04-23 2:20:02 - PHP Warning:  Cannot use a scalar value as an array in E:\laragon\www\o2-shop\catalog\controller\api\app\customer.php on line 87
2019-04-23 2:34:53 - PHP Notice:  Undefined index: firstname in E:\laragon\www\o2-shop\catalog\controller\api\app\customer.php on line 61
2019-04-23 2:34:53 - PHP Notice:  Undefined index: lastname in E:\laragon\www\o2-shop\catalog\controller\api\app\customer.php on line 66
2019-04-23 2:34:53 - PHP Notice:  Undefined index: email in E:\laragon\www\o2-shop\catalog\controller\api\app\customer.php on line 71
2019-04-23 2:34:53 - PHP Notice:  Undefined index: email in E:\laragon\www\o2-shop\catalog\controller\api\app\customer.php on line 71
2019-04-23 2:34:53 - PHP Notice:  Undefined index: email in E:\laragon\www\o2-shop\catalog\controller\api\app\customer.php on line 76
2019-04-23 2:34:53 - PHP Notice:  Undefined index: password in E:\laragon\www\o2-shop\catalog\controller\api\app\customer.php on line 81
2019-04-23 2:34:53 - PHP Notice:  Undefined index: telephone in E:\laragon\www\o2-shop\catalog\controller\api\app\customer.php on line 86
2019-04-23 2:34:53 - PHP Warning:  Cannot use a scalar value as an array in E:\laragon\www\o2-shop\catalog\controller\api\app\customer.php on line 87
2019-04-23 2:35:13 - PHP Notice:  Undefined index: firstname in E:\laragon\www\o2-shop\catalog\controller\api\app\customer.php on line 61
2019-04-23 2:35:13 - PHP Notice:  Undefined index: lastname in E:\laragon\www\o2-shop\catalog\controller\api\app\customer.php on line 66
2019-04-23 2:35:13 - PHP Notice:  Undefined index: email in E:\laragon\www\o2-shop\catalog\controller\api\app\customer.php on line 71
2019-04-23 2:35:13 - PHP Notice:  Undefined index: email in E:\laragon\www\o2-shop\catalog\controller\api\app\customer.php on line 71
2019-04-23 2:35:13 - PHP Notice:  Undefined index: email in E:\laragon\www\o2-shop\catalog\controller\api\app\customer.php on line 76
2019-04-23 2:35:13 - PHP Notice:  Undefined index: password in E:\laragon\www\o2-shop\catalog\controller\api\app\customer.php on line 81
2019-04-23 2:35:13 - PHP Notice:  Undefined index: telephone in E:\laragon\www\o2-shop\catalog\controller\api\app\customer.php on line 86
2019-04-23 2:35:13 - PHP Warning:  Cannot use a scalar value as an array in E:\laragon\www\o2-shop\catalog\controller\api\app\customer.php on line 87
2019-04-23 2:36:22 - PHP Notice:  Array to string conversion in E:\laragon\www\o2-shop\catalog\controller\api\app\customer.php on line 102
2019-04-23 2:37:13 - PHP Notice:  Undefined index: email in E:\laragon\www\o2-shop\catalog\controller\api\app\customer.php on line 71
2019-04-23 2:37:13 - PHP Notice:  Undefined index: email in E:\laragon\www\o2-shop\catalog\controller\api\app\customer.php on line 71
2019-04-23 2:37:13 - PHP Notice:  Undefined index: email in E:\laragon\www\o2-shop\catalog\controller\api\app\customer.php on line 76
2019-04-23 3:02:16 - PHP Notice:  Undefined index: customer in E:\laragon\www\o2-shop\catalog\controller\api\app\customer.php on line 616
2019-04-23 3:02:37 - PHP Notice:  Undefined index: customer in E:\laragon\www\o2-shop\catalog\controller\api\app\customer.php on line 616
2019-04-23 3:02:51 - PHP Notice:  Undefined index: customer in E:\laragon\www\o2-shop\catalog\controller\api\app\customer.php on line 616
2019-04-23 3:05:29 - PHP Notice:  Undefined index: customer in E:\laragon\www\o2-shop\catalog\controller\api\app\customer.php on line 616
2019-04-23 3:09:38 - PHP Notice:  Undefined index: customer in E:\laragon\www\o2-shop\catalog\controller\api\app\customer.php on line 616
2019-04-23 3:11:00 - PHP Notice:  Undefined index: customer in E:\laragon\www\o2-shop\catalog\controller\api\app\customer.php on line 616
2019-04-23 3:18:36 - PHP Notice:  Undefined index: customer in E:\laragon\www\o2-shop\catalog\controller\api\app\customer.php on line 616
